0 info it worked if it ends with ok
1 verbose cli [ '/usr/local/bin/node',
1 verbose cli   '/usr/local/bin/npm',
1 verbose cli   'install',
1 verbose cli   'chart.js',
1 verbose cli   '--save' ]
2 info using npm@2.15.1
3 info using node@v4.4.3
4 verbose install initial load of /Users/Fifaz/lgpr-drag-shop/package.json
5 warn package.json drag_shop@ No repository field.
6 warn package.json drag_shop@ No license field.
7 verbose installManyTop reading scoped package data from /Users/Fifaz/lgpr-drag-shop/node_modules/angular2/package.json
8 verbose installManyTop reading scoped package data from /Users/Fifaz/lgpr-drag-shop/node_modules/del/package.json
9 verbose installManyTop reading scoped package data from /Users/Fifaz/lgpr-drag-shop/node_modules/es6-promise/package.json
10 verbose installManyTop reading scoped package data from /Users/Fifaz/lgpr-drag-shop/node_modules/es6-shim/package.json
11 verbose installManyTop reading scoped package data from /Users/Fifaz/lgpr-drag-shop/node_modules/font-awesome/package.json
12 verbose installManyTop reading scoped package data from /Users/Fifaz/lgpr-drag-shop/node_modules/gulp/package.json
13 verbose installManyTop reading scoped package data from /Users/Fifaz/lgpr-drag-shop/node_modules/gulp-sass/package.json
14 verbose installManyTop reading scoped package data from /Users/Fifaz/lgpr-drag-shop/node_modules/gulp-watch/package.json
15 verbose installManyTop reading scoped package data from /Users/Fifaz/lgpr-drag-shop/node_modules/ionic-angular/package.json
16 verbose installManyTop reading scoped package data from /Users/Fifaz/lgpr-drag-shop/node_modules/ionic-gulp-browserify-typescript/package.json
17 verbose installManyTop reading scoped package data from /Users/Fifaz/lgpr-drag-shop/node_modules/ionic-gulp-fonts-copy/package.json
18 verbose installManyTop reading scoped package data from /Users/Fifaz/lgpr-drag-shop/node_modules/ionic-gulp-html-copy/package.json
19 verbose installManyTop reading scoped package data from /Users/Fifaz/lgpr-drag-shop/node_modules/ionic-gulp-sass-build/package.json
20 verbose installManyTop reading scoped package data from /Users/Fifaz/lgpr-drag-shop/node_modules/ionic-gulp-scripts-copy/package.json
21 verbose installManyTop reading scoped package data from /Users/Fifaz/lgpr-drag-shop/node_modules/ionic-native/package.json
22 verbose installManyTop reading scoped package data from /Users/Fifaz/lgpr-drag-shop/node_modules/ionicons/package.json
23 verbose installManyTop reading scoped package data from /Users/Fifaz/lgpr-drag-shop/node_modules/moment/package.json
24 verbose installManyTop reading scoped package data from /Users/Fifaz/lgpr-drag-shop/node_modules/ng2-charts/package.json
25 verbose installManyTop reading scoped package data from /Users/Fifaz/lgpr-drag-shop/node_modules/node-sass/package.json
26 verbose installManyTop reading scoped package data from /Users/Fifaz/lgpr-drag-shop/node_modules/reflect-metadata/package.json
27 verbose installManyTop reading scoped package data from /Users/Fifaz/lgpr-drag-shop/node_modules/rxjs/package.json
28 verbose installManyTop reading scoped package data from /Users/Fifaz/lgpr-drag-shop/node_modules/update/package.json
29 verbose installManyTop reading scoped package data from /Users/Fifaz/lgpr-drag-shop/node_modules/zone.js/package.json
30 verbose installManyTop reading scoped package data from /Users/Fifaz/lgpr-drag-shop/node_modules/@angular/common/package.json
31 verbose installManyTop reading scoped package data from /Users/Fifaz/lgpr-drag-shop/node_modules/@angular/core/package.json
32 info package.json ionic-gulp-fonts-copy@1.0.0 No repository field.
33 info package.json ionic-gulp-fonts-copy@1.0.0 No license field.
34 info package.json @angular/common@2.0.0-rc.2 No description
35 info package.json @angular/common@2.0.0-rc.2 No README data
36 info package.json @angular/core@2.0.0-rc.2 No description
37 info package.json @angular/core@2.0.0-rc.2 No README data
38 verbose readDependencies loading dependencies from /Users/Fifaz/lgpr-drag-shop/package.json
39 silly cache add args [ 'chart.js', null ]
40 verbose cache add spec chart.js
41 silly cache add parsed spec Result {
41 silly cache add   raw: 'chart.js',
41 silly cache add   scope: null,
41 silly cache add   name: 'chart.js',
41 silly cache add   rawSpec: '',
41 silly cache add   spec: 'latest',
41 silly cache add   type: 'tag' }
42 silly addNamed chart.js@latest
43 verbose addNamed "latest" is being treated as a dist-tag for chart.js
44 info addNameTag [ 'chart.js', 'latest' ]
45 silly mapToRegistry name chart.js
46 silly mapToRegistry using default registry
47 silly mapToRegistry registry https://registry.npmjs.org/
48 silly mapToRegistry data Result {
48 silly mapToRegistry   raw: 'chart.js',
48 silly mapToRegistry   scope: null,
48 silly mapToRegistry   name: 'chart.js',
48 silly mapToRegistry   rawSpec: '',
48 silly mapToRegistry   spec: 'latest',
48 silly mapToRegistry   type: 'tag' }
49 silly mapToRegistry uri https://registry.npmjs.org/chart.js
50 verbose addNameTag registry:https://registry.npmjs.org/chart.js not in flight; fetching
51 verbose request uri https://registry.npmjs.org/chart.js
52 verbose request no auth needed
53 info attempt registry request try #1 at 10:58:12
54 verbose request id e97e072546511e47
55 verbose etag "APJDJFI0QUX3VKE9W9QAH6V23"
56 http request GET https://registry.npmjs.org/chart.js
57 http 304 https://registry.npmjs.org/chart.js
58 verbose headers { date: 'Fri, 17 Jun 2016 09:58:12 GMT',
58 verbose headers   via: '1.1 varnish',
58 verbose headers   'cache-control': 'max-age=300',
58 verbose headers   etag: '"APJDJFI0QUX3VKE9W9QAH6V23"',
58 verbose headers   age: '0',
58 verbose headers   connection: 'keep-alive',
58 verbose headers   'x-served-by': 'cache-fra1224-FRA',
58 verbose headers   'x-cache': 'HIT',
58 verbose headers   'x-cache-hits': '1',
58 verbose headers   'x-timer': 'S1466157492.638251,VS0,VE105',
58 verbose headers   vary: 'Accept-Encoding' }
59 silly get cb [ 304,
59 silly get   { date: 'Fri, 17 Jun 2016 09:58:12 GMT',
59 silly get     via: '1.1 varnish',
59 silly get     'cache-control': 'max-age=300',
59 silly get     etag: '"APJDJFI0QUX3VKE9W9QAH6V23"',
59 silly get     age: '0',
59 silly get     connection: 'keep-alive',
59 silly get     'x-served-by': 'cache-fra1224-FRA',
59 silly get     'x-cache': 'HIT',
59 silly get     'x-cache-hits': '1',
59 silly get     'x-timer': 'S1466157492.638251,VS0,VE105',
59 silly get     vary: 'Accept-Encoding' } ]
60 verbose etag https://registry.npmjs.org/chart.js from cache
61 verbose get saving chart.js to /Users/Fifaz/.npm/registry.npmjs.org/chart.js/.cache.json
62 verbose correctMkdir /Users/Fifaz/.npm correctMkdir not in flight; initializing
63 silly addNameTag next cb for chart.js with tag latest
64 silly addNamed chart.js@2.1.6
65 verbose addNamed "2.1.6" is a plain semver version for chart.js
66 silly mapToRegistry name chart.js
67 silly mapToRegistry using default registry
68 silly mapToRegistry registry https://registry.npmjs.org/
69 silly mapToRegistry data Result {
69 silly mapToRegistry   raw: 'chart.js',
69 silly mapToRegistry   scope: null,
69 silly mapToRegistry   name: 'chart.js',
69 silly mapToRegistry   rawSpec: '',
69 silly mapToRegistry   spec: 'latest',
69 silly mapToRegistry   type: 'tag' }
70 silly mapToRegistry uri https://registry.npmjs.org/chart.js
71 verbose addRemoteTarball https://registry.npmjs.org/chart.js/-/chart.js-2.1.6.tgz not in flight; adding
72 verbose addRemoteTarball [ 'https://registry.npmjs.org/chart.js/-/chart.js-2.1.6.tgz',
72 verbose addRemoteTarball   '9bf42d47bbb3cc702756ef0a496e7c443a1f6aa5' ]
73 info retry fetch attempt 1 at 10:58:12
74 info attempt registry request try #1 at 10:58:12
75 http fetch GET https://registry.npmjs.org/chart.js/-/chart.js-2.1.6.tgz
76 http fetch 200 https://registry.npmjs.org/chart.js/-/chart.js-2.1.6.tgz
77 silly fetchAndShaCheck shasum 9bf42d47bbb3cc702756ef0a496e7c443a1f6aa5
78 verbose addTmpTarball /var/folders/zy/lg8pqryx0mv8t8x97mghnnyc0000gn/T/npm-5774-1f8c4970/registry.npmjs.org/chart.js/-/chart.js-2.1.6.tgz not in flight; adding
79 verbose addTmpTarball already have metadata; skipping unpack for chart.js@2.1.6
80 verbose correctMkdir /Users/Fifaz/.npm correctMkdir not in flight; initializing
81 silly cache afterAdd chart.js@2.1.6
82 verbose afterAdd /Users/Fifaz/.npm/chart.js/2.1.6/package/package.json not in flight; writing
83 verbose correctMkdir /Users/Fifaz/.npm correctMkdir not in flight; initializing
84 verbose afterAdd /Users/Fifaz/.npm/chart.js/2.1.6/package/package.json written
85 silly install resolved [ { name: 'chart.js',
85 silly install resolved     homepage: 'http://www.chartjs.org',
85 silly install resolved     description: 'Simple HTML5 charts using the canvas element.',
85 silly install resolved     version: '2.1.6',
85 silly install resolved     license: 'MIT',
85 silly install resolved     main: 'src/chart.js',
85 silly install resolved     repository:
85 silly install resolved      { type: 'git',
85 silly install resolved        url: 'git+https://github.com/chartjs/Chart.js.git' },
85 silly install resolved     devDependencies:
85 silly install resolved      { browserify: '^13.0.0',
85 silly install resolved        'browserify-istanbul': '^0.2.1',
85 silly install resolved        'bundle-collapser': '^1.2.1',
85 silly install resolved        coveralls: '^2.11.6',
85 silly install resolved        gulp: '3.9.x',
85 silly install resolved        'gulp-concat': '~2.1.x',
85 silly install resolved        'gulp-connect': '~2.0.5',
85 silly install resolved        'gulp-html-validator': '^0.0.2',
85 silly install resolved        'gulp-insert': '~0.5.0',
85 silly install resolved        'gulp-jshint': '~1.5.1',
85 silly install resolved        'gulp-karma': '0.0.4',
85 silly install resolved        'gulp-replace': '^0.4.0',
85 silly install resolved        'gulp-size': '~0.4.0',
85 silly install resolved        'gulp-streamify': '^1.0.2',
85 silly install resolved        'gulp-uglify': '~0.2.x',
85 silly install resolved        'gulp-umd': '~0.2.0',
85 silly install resolved        'gulp-util': '~2.2.x',
85 silly install resolved        inquirer: '^0.5.1',
85 silly install resolved        jasmine: '^2.3.2',
85 silly install resolved        'jasmine-core': '^2.3.4',
85 silly install resolved        jquery: '^2.1.4',
85 silly install resolved        'jshint-stylish': '~2.1.0',
85 silly install resolved        karma: '^0.12.37',
85 silly install resolved        'karma-browserify': '^5.0.1',
85 silly install resolved        'karma-chrome-launcher': '^0.2.0',
85 silly install resolved        'karma-coverage': '^0.5.1',
85 silly install resolved        'karma-firefox-launcher': '^0.1.6',
85 silly install resolved        'karma-jasmine': '^0.3.6',
85 silly install resolved        'karma-jasmine-html-reporter': '^0.1.8',
85 silly install resolved        'merge-stream': '^1.0.0',
85 silly install resolved        semver: '^3.0.1',
85 silly install resolved        'vinyl-source-stream': '^1.1.0',
85 silly install resolved        watchify: '^3.7.0' },
85 silly install resolved     spm: { main: 'Chart.js' },
85 silly install resolved     dependencies: { 'chartjs-color': '^2.0.0', moment: '^2.10.6' },
85 silly install resolved     gitHead: '07662b158d829f395b2c97d732e60599b8b5c4e4',
85 silly install resolved     bugs: { url: 'https://github.com/chartjs/Chart.js/issues' },
85 silly install resolved     _id: 'chart.js@2.1.6',
85 silly install resolved     scripts: {},
85 silly install resolved     _shasum: '9bf42d47bbb3cc702756ef0a496e7c443a1f6aa5',
85 silly install resolved     _from: 'chart.js@latest',
85 silly install resolved     _npmVersion: '3.6.0',
85 silly install resolved     _nodeVersion: '5.6.0',
85 silly install resolved     _npmUser: { name: 'etimberg', email: 'evert.timberg+npm@gmail.com' },
85 silly install resolved     dist:
85 silly install resolved      { shasum: '9bf42d47bbb3cc702756ef0a496e7c443a1f6aa5',
85 silly install resolved        tarball: 'https://registry.npmjs.org/chart.js/-/chart.js-2.1.6.tgz' },
85 silly install resolved     maintainers: [ [Object], [Object], [Object] ],
85 silly install resolved     _npmOperationalInternal:
85 silly install resolved      { host: 'packages-12-west.internal.npmjs.com',
85 silly install resolved        tmp: 'tmp/chart.js-2.1.6.tgz_1465947234982_0.11803890601731837' },
85 silly install resolved     directories: {},
85 silly install resolved     _resolved: 'https://registry.npmjs.org/chart.js/-/chart.js-2.1.6.tgz' } ]
86 info install chart.js@2.1.6 into /Users/Fifaz/lgpr-drag-shop
87 info installOne chart.js@2.1.6
88 verbose installOne of chart.js to /Users/Fifaz/lgpr-drag-shop not in flight; installing
89 verbose correctMkdir /Users/Fifaz/.npm/_locks correctMkdir not in flight; initializing
90 verbose lock using /Users/Fifaz/.npm/_locks/chart-js-91524b5f7d4c53db.lock for /Users/Fifaz/lgpr-drag-shop/node_modules/chart.js
91 silly install write writing chart.js 2.1.6 to /Users/Fifaz/lgpr-drag-shop/node_modules/chart.js
92 verbose unbuild node_modules/chart.js
93 silly gentlyRm /Users/Fifaz/lgpr-drag-shop/node_modules/chart.js is being purged from base /Users/Fifaz/lgpr-drag-shop
94 verbose gentlyRm don't care about contents; nuking /Users/Fifaz/lgpr-drag-shop/node_modules/chart.js
95 verbose tar unpack /Users/Fifaz/.npm/chart.js/2.1.6/package.tgz
96 verbose tar unpacking to /Users/Fifaz/lgpr-drag-shop/node_modules/chart.js
97 silly gentlyRm /Users/Fifaz/lgpr-drag-shop/node_modules/chart.js is being purged
98 verbose gentlyRm don't care about contents; nuking /Users/Fifaz/lgpr-drag-shop/node_modules/chart.js
99 silly gunzTarPerm modes [ '755', '644' ]
100 silly gunzTarPerm extractEntry package.json
101 silly gunzTarPerm modified mode [ 'package.json', 438, 420 ]
102 silly gunzTarPerm extractEntry .npmignore
103 silly gunzTarPerm modified mode [ '.npmignore', 438, 420 ]
104 silly gunzTarPerm extractEntry README.md
105 silly gunzTarPerm modified mode [ 'README.md', 438, 420 ]
106 silly gunzTarPerm extractEntry gulpfile.js
107 silly gunzTarPerm modified mode [ 'gulpfile.js', 438, 420 ]
108 silly gunzTarPerm extractEntry karma.conf.ci.js
109 silly gunzTarPerm modified mode [ 'karma.conf.ci.js', 438, 420 ]
110 silly gunzTarPerm extractEntry karma.conf.js
111 silly gunzTarPerm modified mode [ 'karma.conf.js', 438, 420 ]
112 silly gunzTarPerm extractEntry karma.coverage.conf.js
113 silly gunzTarPerm modified mode [ 'karma.coverage.conf.js', 438, 420 ]
114 silly gunzTarPerm extractEntry config.jshintrc
115 silly gunzTarPerm modified mode [ 'config.jshintrc', 438, 420 ]
116 silly gunzTarPerm extractEntry CONTRIBUTING.md
117 silly gunzTarPerm modified mode [ 'CONTRIBUTING.md', 438, 420 ]
118 silly gunzTarPerm extractEntry LICENSE.md
119 silly gunzTarPerm modified mode [ 'LICENSE.md', 438, 420 ]
120 silly gunzTarPerm extractEntry .eslintignore
121 silly gunzTarPerm modified mode [ '.eslintignore', 438, 420 ]
122 silly gunzTarPerm extractEntry bower.json
123 silly gunzTarPerm modified mode [ 'bower.json', 438, 420 ]
124 silly gunzTarPerm extractEntry composer.json
125 silly gunzTarPerm modified mode [ 'composer.json', 438, 420 ]
126 silly gunzTarPerm extractEntry .editorconfig
127 silly gunzTarPerm modified mode [ '.editorconfig', 438, 420 ]
128 silly gunzTarPerm extractEntry dist/Chart.bundle.js
129 silly gunzTarPerm modified mode [ 'dist/Chart.bundle.js', 438, 420 ]
130 silly gunzTarPerm extractEntry dist/Chart.bundle.min.js
131 silly gunzTarPerm modified mode [ 'dist/Chart.bundle.min.js', 438, 420 ]
132 silly gunzTarPerm extractEntry dist/Chart.js
133 silly gunzTarPerm modified mode [ 'dist/Chart.js', 438, 420 ]
134 silly gunzTarPerm extractEntry dist/Chart.min.js
135 silly gunzTarPerm modified mode [ 'dist/Chart.min.js', 438, 420 ]
136 silly gunzTarPerm extractEntry docs/05-Radar-Chart.md
137 silly gunzTarPerm modified mode [ 'docs/05-Radar-Chart.md', 438, 420 ]
138 silly gunzTarPerm extractEntry docs/00-Getting-Started.md
139 silly gunzTarPerm modified mode [ 'docs/00-Getting-Started.md', 438, 420 ]
140 silly gunzTarPerm extractEntry docs/02-Scales.md
141 silly gunzTarPerm modified mode [ 'docs/02-Scales.md', 438, 420 ]
142 silly gunzTarPerm extractEntry docs/03-Line-Chart.md
143 silly gunzTarPerm modified mode [ 'docs/03-Line-Chart.md', 438, 420 ]
144 silly gunzTarPerm extractEntry docs/04-Bar-Chart.md
145 silly gunzTarPerm modified mode [ 'docs/04-Bar-Chart.md', 438, 420 ]
146 silly gunzTarPerm extractEntry docs/01-Chart-Configuration.md
147 silly gunzTarPerm modified mode [ 'docs/01-Chart-Configuration.md', 438, 420 ]
148 silly gunzTarPerm extractEntry docs/06-Polar-Area-Chart.md
149 silly gunzTarPerm modified mode [ 'docs/06-Polar-Area-Chart.md', 438, 420 ]
150 silly gunzTarPerm extractEntry docs/07-Pie-Doughnut-Chart.md
151 silly gunzTarPerm modified mode [ 'docs/07-Pie-Doughnut-Chart.md', 438, 420 ]
152 silly gunzTarPerm extractEntry docs/08-Bubble-Chart.md
153 silly gunzTarPerm modified mode [ 'docs/08-Bubble-Chart.md', 438, 420 ]
154 silly gunzTarPerm extractEntry docs/09-Advanced.md
155 silly gunzTarPerm modified mode [ 'docs/09-Advanced.md', 438, 420 ]
156 silly gunzTarPerm extractEntry docs/10-Notes.md
157 silly gunzTarPerm modified mode [ 'docs/10-Notes.md', 438, 420 ]
158 silly gunzTarPerm extractEntry .eslintrc
159 silly gunzTarPerm modified mode [ '.eslintrc', 438, 420 ]
160 silly gunzTarPerm extractEntry .github/ISSUE_TEMPLATE.md
161 silly gunzTarPerm modified mode [ '.github/ISSUE_TEMPLATE.md', 438, 420 ]
162 silly gunzTarPerm extractEntry .github/PULL_REQUEST_TEMPLATE.md
163 silly gunzTarPerm modified mode [ '.github/PULL_REQUEST_TEMPLATE.md', 438, 420 ]
164 silly gunzTarPerm extractEntry .codeclimate.yml
165 silly gunzTarPerm modified mode [ '.codeclimate.yml', 438, 420 ]
166 silly gunzTarPerm extractEntry src/chart.js
167 silly gunzTarPerm modified mode [ 'src/chart.js', 438, 420 ]
168 silly gunzTarPerm extractEntry src/charts/Chart.Bar.js
169 silly gunzTarPerm modified mode [ 'src/charts/Chart.Bar.js', 438, 420 ]
170 silly gunzTarPerm extractEntry src/charts/Chart.Bubble.js
171 silly gunzTarPerm modified mode [ 'src/charts/Chart.Bubble.js', 438, 420 ]
172 silly gunzTarPerm extractEntry src/charts/Chart.Doughnut.js
173 silly gunzTarPerm modified mode [ 'src/charts/Chart.Doughnut.js', 438, 420 ]
174 silly gunzTarPerm extractEntry src/charts/Chart.Line.js
175 silly gunzTarPerm modified mode [ 'src/charts/Chart.Line.js', 438, 420 ]
176 silly gunzTarPerm extractEntry src/charts/Chart.PolarArea.js
177 silly gunzTarPerm modified mode [ 'src/charts/Chart.PolarArea.js', 438, 420 ]
178 silly gunzTarPerm extractEntry src/charts/Chart.Radar.js
179 silly gunzTarPerm modified mode [ 'src/charts/Chart.Radar.js', 438, 420 ]
180 silly gunzTarPerm extractEntry src/charts/Chart.Scatter.js
181 silly gunzTarPerm modified mode [ 'src/charts/Chart.Scatter.js', 438, 420 ]
182 silly gunzTarPerm extractEntry src/controllers/controller.bar.js
183 silly gunzTarPerm modified mode [ 'src/controllers/controller.bar.js', 438, 420 ]
184 silly gunzTarPerm extractEntry src/controllers/controller.bubble.js
185 silly gunzTarPerm modified mode [ 'src/controllers/controller.bubble.js', 438, 420 ]
186 silly gunzTarPerm extractEntry src/controllers/controller.doughnut.js
187 silly gunzTarPerm modified mode [ 'src/controllers/controller.doughnut.js', 438, 420 ]
188 silly gunzTarPerm extractEntry src/controllers/controller.line.js
189 silly gunzTarPerm modified mode [ 'src/controllers/controller.line.js', 438, 420 ]
190 silly gunzTarPerm extractEntry src/controllers/controller.polarArea.js
191 silly gunzTarPerm modified mode [ 'src/controllers/controller.polarArea.js', 438, 420 ]
192 silly gunzTarPerm extractEntry src/controllers/controller.radar.js
193 silly gunzTarPerm modified mode [ 'src/controllers/controller.radar.js', 438, 420 ]
194 silly gunzTarPerm extractEntry src/core/core.animation.js
195 silly gunzTarPerm modified mode [ 'src/core/core.animation.js', 438, 420 ]
196 silly gunzTarPerm extractEntry src/core/core.element.js
197 silly gunzTarPerm modified mode [ 'src/core/core.element.js', 438, 420 ]
198 silly gunzTarPerm extractEntry src/core/core.helpers.js
199 silly gunzTarPerm modified mode [ 'src/core/core.helpers.js', 438, 420 ]
200 silly gunzTarPerm extractEntry src/core/core.js
201 silly gunzTarPerm modified mode [ 'src/core/core.js', 438, 420 ]
202 silly gunzTarPerm extractEntry src/core/core.datasetController.js
203 silly gunzTarPerm modified mode [ 'src/core/core.datasetController.js', 438, 420 ]
204 silly gunzTarPerm extractEntry src/core/core.legend.js
205 silly gunzTarPerm modified mode [ 'src/core/core.legend.js', 438, 420 ]
206 silly gunzTarPerm extractEntry src/core/core.plugin.js
207 silly gunzTarPerm modified mode [ 'src/core/core.plugin.js', 438, 420 ]
208 silly gunzTarPerm extractEntry src/core/core.scale.js
209 silly gunzTarPerm modified mode [ 'src/core/core.scale.js', 438, 420 ]
210 silly gunzTarPerm extractEntry src/core/core.scaleService.js
211 silly gunzTarPerm modified mode [ 'src/core/core.scaleService.js', 438, 420 ]
212 silly gunzTarPerm extractEntry src/core/core.title.js
213 silly gunzTarPerm modified mode [ 'src/core/core.title.js', 438, 420 ]
214 silly gunzTarPerm extractEntry src/core/core.controller.js
215 silly gunzTarPerm modified mode [ 'src/core/core.controller.js', 438, 420 ]
216 silly gunzTarPerm extractEntry src/core/core.tooltip.js
217 silly gunzTarPerm modified mode [ 'src/core/core.tooltip.js', 438, 420 ]
218 silly gunzTarPerm extractEntry src/core/core.layoutService.js
219 silly gunzTarPerm modified mode [ 'src/core/core.layoutService.js', 438, 420 ]
220 silly gunzTarPerm extractEntry src/elements/element.arc.js
221 silly gunzTarPerm modified mode [ 'src/elements/element.arc.js', 438, 420 ]
222 silly gunzTarPerm extractEntry src/elements/element.line.js
223 silly gunzTarPerm modified mode [ 'src/elements/element.line.js', 438, 420 ]
224 silly gunzTarPerm extractEntry src/elements/element.point.js
225 silly gunzTarPerm modified mode [ 'src/elements/element.point.js', 438, 420 ]
226 silly gunzTarPerm extractEntry src/elements/element.rectangle.js
227 silly gunzTarPerm modified mode [ 'src/elements/element.rectangle.js', 438, 420 ]
228 silly gunzTarPerm extractEntry src/scales/scale.category.js
229 silly gunzTarPerm modified mode [ 'src/scales/scale.category.js', 438, 420 ]
230 silly gunzTarPerm extractEntry src/scales/scale.linear.js
231 silly gunzTarPerm modified mode [ 'src/scales/scale.linear.js', 438, 420 ]
232 silly gunzTarPerm extractEntry src/scales/scale.linearbase.js
233 silly gunzTarPerm modified mode [ 'src/scales/scale.linearbase.js', 438, 420 ]
234 silly gunzTarPerm extractEntry src/scales/scale.logarithmic.js
235 silly gunzTarPerm modified mode [ 'src/scales/scale.logarithmic.js', 438, 420 ]
236 silly gunzTarPerm extractEntry src/scales/scale.radialLinear.js
237 silly gunzTarPerm modified mode [ 'src/scales/scale.radialLinear.js', 438, 420 ]
238 silly gunzTarPerm extractEntry src/scales/scale.time.js
239 silly gunzTarPerm modified mode [ 'src/scales/scale.time.js', 438, 420 ]
240 silly gunzTarPerm extractEntry .travis.yml
241 silly gunzTarPerm modified mode [ '.travis.yml', 438, 420 ]
242 silly gunzTarPerm extractEntry samples/line-multiline-labels.html
243 silly gunzTarPerm modified mode [ 'samples/line-multiline-labels.html', 438, 420 ]
244 silly gunzTarPerm extractEntry samples/AnimationCallbacks/progress-bar.html
245 silly gunzTarPerm modified mode [ 'samples/AnimationCallbacks/progress-bar.html', 438, 420 ]
246 silly gunzTarPerm extractEntry samples/bar-multi-axis.html
247 silly gunzTarPerm modified mode [ 'samples/bar-multi-axis.html', 438, 420 ]
248 silly gunzTarPerm extractEntry samples/bar-stacked.html
249 silly gunzTarPerm modified mode [ 'samples/bar-stacked.html', 438, 420 ]
250 silly gunzTarPerm extractEntry samples/bar.html
251 silly gunzTarPerm modified mode [ 'samples/bar.html', 438, 420 ]
252 silly gunzTarPerm extractEntry samples/bubble.html
253 silly gunzTarPerm modified mode [ 'samples/bubble.html', 438, 420 ]
254 silly gunzTarPerm extractEntry samples/combo-bar-line.html
255 silly gunzTarPerm modified mode [ 'samples/combo-bar-line.html', 438, 420 ]
256 silly gunzTarPerm extractEntry samples/data_label_combo-bar-line.html
257 silly gunzTarPerm modified mode [ 'samples/data_label_combo-bar-line.html', 438, 420 ]
258 silly gunzTarPerm extractEntry samples/different-point-sizes.html
259 silly gunzTarPerm modified mode [ 'samples/different-point-sizes.html', 438, 420 ]
260 silly gunzTarPerm extractEntry samples/doughnut.html
261 silly gunzTarPerm modified mode [ 'samples/doughnut.html', 438, 420 ]
262 silly gunzTarPerm extractEntry samples/line-customTooltips.html
263 silly gunzTarPerm modified mode [ 'samples/line-customTooltips.html', 438, 420 ]
264 silly gunzTarPerm extractEntry samples/line-legend.html
265 silly gunzTarPerm modified mode [ 'samples/line-legend.html', 438, 420 ]
266 silly gunzTarPerm extractEntry samples/line-logarithmic.html
267 silly gunzTarPerm modified mode [ 'samples/line-logarithmic.html', 438, 420 ]
268 silly gunzTarPerm extractEntry samples/line-multi-axis.html
269 silly gunzTarPerm modified mode [ 'samples/line-multi-axis.html', 438, 420 ]
270 silly gunzTarPerm extractEntry samples/bar-horizontal.html
271 silly gunzTarPerm modified mode [ 'samples/bar-horizontal.html', 438, 420 ]
272 silly gunzTarPerm extractEntry samples/line-skip-points.html
273 silly gunzTarPerm modified mode [ 'samples/line-skip-points.html', 438, 420 ]
274 silly gunzTarPerm extractEntry samples/line-stacked-area.html
275 silly gunzTarPerm modified mode [ 'samples/line-stacked-area.html', 438, 420 ]
276 silly gunzTarPerm extractEntry samples/line-x-axis-filter.html
277 silly gunzTarPerm modified mode [ 'samples/line-x-axis-filter.html', 438, 420 ]
278 silly gunzTarPerm extractEntry samples/line.html
279 silly gunzTarPerm modified mode [ 'samples/line.html', 438, 420 ]
280 silly gunzTarPerm extractEntry samples/pie-customTooltips.html
281 silly gunzTarPerm modified mode [ 'samples/pie-customTooltips.html', 438, 420 ]
282 silly gunzTarPerm extractEntry samples/pie.html
283 silly gunzTarPerm modified mode [ 'samples/pie.html', 438, 420 ]
284 silly gunzTarPerm extractEntry samples/polar-area.html
285 silly gunzTarPerm modified mode [ 'samples/polar-area.html', 438, 420 ]
286 silly gunzTarPerm extractEntry samples/radar-skip-points.html
287 silly gunzTarPerm modified mode [ 'samples/radar-skip-points.html', 438, 420 ]
288 silly gunzTarPerm extractEntry samples/radar.html
289 silly gunzTarPerm modified mode [ 'samples/radar.html', 438, 420 ]
290 silly gunzTarPerm extractEntry samples/scatter-logX.html
291 silly gunzTarPerm modified mode [ 'samples/scatter-logX.html', 438, 420 ]
292 silly gunzTarPerm extractEntry samples/scatter-multi-axis.html
293 silly gunzTarPerm modified mode [ 'samples/scatter-multi-axis.html', 438, 420 ]
294 silly gunzTarPerm extractEntry samples/scatter.html
295 silly gunzTarPerm modified mode [ 'samples/scatter.html', 438, 420 ]
296 silly gunzTarPerm extractEntry samples/timeScale/combo-time-scale.html
297 silly gunzTarPerm modified mode [ 'samples/timeScale/combo-time-scale.html', 438, 420 ]
298 silly gunzTarPerm extractEntry samples/timeScale/line-time-point-data.html
299 silly gunzTarPerm modified mode [ 'samples/timeScale/line-time-point-data.html', 438, 420 ]
300 silly gunzTarPerm extractEntry samples/timeScale/line-time-scale.html
301 silly gunzTarPerm modified mode [ 'samples/timeScale/line-time-scale.html', 438, 420 ]
302 silly gunzTarPerm extractEntry samples/tooltip-hooks.html
303 silly gunzTarPerm modified mode [ 'samples/tooltip-hooks.html', 438, 420 ]
304 silly gunzTarPerm extractEntry test/controller.bar.tests.js
305 silly gunzTarPerm modified mode [ 'test/controller.bar.tests.js', 438, 420 ]
306 silly gunzTarPerm extractEntry test/core.legend.tests.js
307 silly gunzTarPerm modified mode [ 'test/core.legend.tests.js', 438, 420 ]
308 silly gunzTarPerm extractEntry test/core.plugin.tests.js
309 silly gunzTarPerm modified mode [ 'test/core.plugin.tests.js', 438, 420 ]
310 silly gunzTarPerm extractEntry test/core.scaleService.tests.js
311 silly gunzTarPerm modified mode [ 'test/core.scaleService.tests.js', 438, 420 ]
312 silly gunzTarPerm extractEntry test/core.layoutService.tests.js
313 silly gunzTarPerm modified mode [ 'test/core.layoutService.tests.js', 438, 420 ]
314 silly gunzTarPerm extractEntry test/core.tooltip.tests.js
315 silly gunzTarPerm modified mode [ 'test/core.tooltip.tests.js', 438, 420 ]
316 silly gunzTarPerm extractEntry test/defaultConfig.tests.js
317 silly gunzTarPerm modified mode [ 'test/defaultConfig.tests.js', 438, 420 ]
318 silly gunzTarPerm extractEntry test/element.arc.tests.js
319 silly gunzTarPerm modified mode [ 'test/element.arc.tests.js', 438, 420 ]
320 silly gunzTarPerm extractEntry test/element.line.tests.js
321 silly gunzTarPerm modified mode [ 'test/element.line.tests.js', 438, 420 ]
322 silly gunzTarPerm extractEntry test/element.point.tests.js
323 silly gunzTarPerm modified mode [ 'test/element.point.tests.js', 438, 420 ]
324 silly gunzTarPerm extractEntry test/core.helpers.tests.js
325 silly gunzTarPerm modified mode [ 'test/core.helpers.tests.js', 438, 420 ]
326 silly gunzTarPerm extractEntry test/element.rectangle.tests.js
327 silly gunzTarPerm modified mode [ 'test/element.rectangle.tests.js', 438, 420 ]
328 silly gunzTarPerm extractEntry test/core.element.tests.js
329 silly gunzTarPerm modified mode [ 'test/core.element.tests.js', 438, 420 ]
330 silly gunzTarPerm extractEntry test/mockContext.js
331 silly gunzTarPerm modified mode [ 'test/mockContext.js', 438, 420 ]
332 silly gunzTarPerm extractEntry test/controller.radar.tests.js
333 silly gunzTarPerm modified mode [ 'test/controller.radar.tests.js', 438, 420 ]
334 silly gunzTarPerm extractEntry test/scale.category.tests.js
335 silly gunzTarPerm modified mode [ 'test/scale.category.tests.js', 438, 420 ]
336 silly gunzTarPerm extractEntry test/controller.polarArea.tests.js
337 silly gunzTarPerm modified mode [ 'test/controller.polarArea.tests.js', 438, 420 ]
338 silly gunzTarPerm extractEntry test/scale.linear.tests.js
339 silly gunzTarPerm modified mode [ 'test/scale.linear.tests.js', 438, 420 ]
340 silly gunzTarPerm extractEntry test/controller.line.tests.js
341 silly gunzTarPerm modified mode [ 'test/controller.line.tests.js', 438, 420 ]
342 silly gunzTarPerm extractEntry test/scale.logarithmic.tests.js
343 silly gunzTarPerm modified mode [ 'test/scale.logarithmic.tests.js', 438, 420 ]
344 silly gunzTarPerm extractEntry test/controller.doughnut.tests.js
345 silly gunzTarPerm modified mode [ 'test/controller.doughnut.tests.js', 438, 420 ]
346 silly gunzTarPerm extractEntry test/scale.radialLinear.tests.js
347 silly gunzTarPerm modified mode [ 'test/scale.radialLinear.tests.js', 438, 420 ]
348 silly gunzTarPerm extractEntry test/controller.bubble.tests.js
349 silly gunzTarPerm modified mode [ 'test/controller.bubble.tests.js', 438, 420 ]
350 silly gunzTarPerm extractEntry test/scale.time.tests.js
351 silly gunzTarPerm modified mode [ 'test/scale.time.tests.js', 438, 420 ]
352 silly gunzTarPerm extractEntry test/core.title.tests.js
353 silly gunzTarPerm modified mode [ 'test/core.title.tests.js', 438, 420 ]
354 verbose write writing to /Users/Fifaz/lgpr-drag-shop/node_modules/chart.js/package.json
355 info preinstall chart.js@2.1.6
356 verbose readDependencies loading dependencies from /Users/Fifaz/lgpr-drag-shop/node_modules/chart.js/package.json
357 silly prepareForInstallMany adding chartjs-color@^2.0.0 from chart.js dependencies
358 verbose readDependencies loading dependencies from /Users/Fifaz/lgpr-drag-shop/node_modules/chart.js/package.json
359 silly cache add args [ 'chartjs-color@^2.0.0', null ]
360 verbose cache add spec chartjs-color@^2.0.0
361 silly cache add parsed spec Result {
361 silly cache add   raw: 'chartjs-color@^2.0.0',
361 silly cache add   scope: null,
361 silly cache add   name: 'chartjs-color',
361 silly cache add   rawSpec: '^2.0.0',
361 silly cache add   spec: '>=2.0.0 <3.0.0',
361 silly cache add   type: 'range' }
362 silly addNamed chartjs-color@>=2.0.0 <3.0.0
363 verbose addNamed ">=2.0.0 <3.0.0" is a valid semver range for chartjs-color
364 silly addNameRange { name: 'chartjs-color',
364 silly addNameRange   range: '>=2.0.0 <3.0.0',
364 silly addNameRange   hasData: false }
365 silly mapToRegistry name chartjs-color
366 silly mapToRegistry using default registry
367 silly mapToRegistry registry https://registry.npmjs.org/
368 silly mapToRegistry data Result {
368 silly mapToRegistry   raw: 'chartjs-color',
368 silly mapToRegistry   scope: null,
368 silly mapToRegistry   name: 'chartjs-color',
368 silly mapToRegistry   rawSpec: '',
368 silly mapToRegistry   spec: 'latest',
368 silly mapToRegistry   type: 'tag' }
369 silly mapToRegistry uri https://registry.npmjs.org/chartjs-color
370 verbose addNameRange registry:https://registry.npmjs.org/chartjs-color not in flight; fetching
371 verbose request uri https://registry.npmjs.org/chartjs-color
372 verbose request no auth needed
373 info attempt registry request try #1 at 10:58:13
374 verbose etag "DOBAZ2P3ZGHAJGHNULUOWLAPE"
375 http request GET https://registry.npmjs.org/chartjs-color
376 http 304 https://registry.npmjs.org/chartjs-color
377 verbose headers { date: 'Fri, 17 Jun 2016 09:58:13 GMT',
377 verbose headers   via: '1.1 varnish',
377 verbose headers   'cache-control': 'max-age=300',
377 verbose headers   etag: '"DOBAZ2P3ZGHAJGHNULUOWLAPE"',
377 verbose headers   age: '0',
377 verbose headers   connection: 'keep-alive',
377 verbose headers   'x-served-by': 'cache-fra1224-FRA',
377 verbose headers   'x-cache': 'HIT',
377 verbose headers   'x-cache-hits': '1',
377 verbose headers   'x-timer': 'S1466157493.428169,VS0,VE105',
377 verbose headers   vary: 'Accept-Encoding' }
378 silly get cb [ 304,
378 silly get   { date: 'Fri, 17 Jun 2016 09:58:13 GMT',
378 silly get     via: '1.1 varnish',
378 silly get     'cache-control': 'max-age=300',
378 silly get     etag: '"DOBAZ2P3ZGHAJGHNULUOWLAPE"',
378 silly get     age: '0',
378 silly get     connection: 'keep-alive',
378 silly get     'x-served-by': 'cache-fra1224-FRA',
378 silly get     'x-cache': 'HIT',
378 silly get     'x-cache-hits': '1',
378 silly get     'x-timer': 'S1466157493.428169,VS0,VE105',
378 silly get     vary: 'Accept-Encoding' } ]
379 verbose etag https://registry.npmjs.org/chartjs-color from cache
380 verbose get saving chartjs-color to /Users/Fifaz/.npm/registry.npmjs.org/chartjs-color/.cache.json
381 verbose correctMkdir /Users/Fifaz/.npm correctMkdir not in flight; initializing
382 silly addNameRange number 2 { name: 'chartjs-color', range: '>=2.0.0 <3.0.0', hasData: true }
383 silly addNameRange versions [ 'chartjs-color',
383 silly addNameRange   [ '0.8.2', '1.0.2', '1.0.21', '1.0.22', '2.0.0' ] ]
384 silly addNamed chartjs-color@2.0.0
385 verbose addNamed "2.0.0" is a plain semver version for chartjs-color
386 silly mapToRegistry name chartjs-color
387 silly mapToRegistry using default registry
388 silly mapToRegistry registry https://registry.npmjs.org/
389 silly mapToRegistry data Result {
389 silly mapToRegistry   raw: 'chartjs-color',
389 silly mapToRegistry   scope: null,
389 silly mapToRegistry   name: 'chartjs-color',
389 silly mapToRegistry   rawSpec: '',
389 silly mapToRegistry   spec: 'latest',
389 silly mapToRegistry   type: 'tag' }
390 silly mapToRegistry uri https://registry.npmjs.org/chartjs-color
391 verbose addRemoteTarball https://registry.npmjs.org/chartjs-color/-/chartjs-color-2.0.0.tgz not in flight; adding
392 verbose addRemoteTarball [ 'https://registry.npmjs.org/chartjs-color/-/chartjs-color-2.0.0.tgz',
392 verbose addRemoteTarball   '7f60c7256589b24914814ece757659117381e35b' ]
393 info retry fetch attempt 1 at 10:58:13
394 info attempt registry request try #1 at 10:58:13
395 http fetch GET https://registry.npmjs.org/chartjs-color/-/chartjs-color-2.0.0.tgz
396 http fetch 200 https://registry.npmjs.org/chartjs-color/-/chartjs-color-2.0.0.tgz
397 silly fetchAndShaCheck shasum 7f60c7256589b24914814ece757659117381e35b
398 verbose addTmpTarball /var/folders/zy/lg8pqryx0mv8t8x97mghnnyc0000gn/T/npm-5774-1f8c4970/registry.npmjs.org/chartjs-color/-/chartjs-color-2.0.0.tgz not in flight; adding
399 verbose addTmpTarball already have metadata; skipping unpack for chartjs-color@2.0.0
400 verbose correctMkdir /Users/Fifaz/.npm correctMkdir not in flight; initializing
401 silly cache afterAdd chartjs-color@2.0.0
402 verbose afterAdd /Users/Fifaz/.npm/chartjs-color/2.0.0/package/package.json not in flight; writing
403 verbose correctMkdir /Users/Fifaz/.npm correctMkdir not in flight; initializing
404 verbose afterAdd /Users/Fifaz/.npm/chartjs-color/2.0.0/package/package.json written
405 silly install resolved [ { name: 'chartjs-color',
405 silly install resolved     version: '2.0.0',
405 silly install resolved     description: 'Color conversion and manipulation with CSS string support',
405 silly install resolved     keywords: [ 'color', 'colour', 'css' ],
405 silly install resolved     authors:
405 silly install resolved      [ 'Heather Arthur <fayearthur@gmail.com>',
405 silly install resolved        'Maxime Thirouin',
405 silly install resolved        'Josh Junon' ],
405 silly install resolved     license: 'MIT',
405 silly install resolved     repository:
405 silly install resolved      { type: 'git',
405 silly install resolved        url: 'git+https://github.com/chartjs/chartjs-color.git' },
405 silly install resolved     xo: { envs: [Object], rules: [Object] },
405 silly install resolved     files: [ 'CHANGELOG.md', 'LICENSE', 'index.js' ],
405 silly install resolved     scripts: { build: 'gulp build', pretest: 'xo', test: 'mocha' },
405 silly install resolved     dependencies: { 'color-convert': '^0.5.3', 'chartjs-color-string': '^0.4.0' },
405 silly install resolved     devDependencies:
405 silly install resolved      { browserify: '^10.1.3',
405 silly install resolved        gulp: '^3.8.11',
405 silly install resolved        'gulp-rename': '^1.2.2',
405 silly install resolved        'gulp-uglify': '^1.2.0',
405 silly install resolved        'gulp-streamify': '^1.0.2',
405 silly install resolved        mocha: '^2.2.5',
405 silly install resolved        'vinyl-source-stream': '^1.1.0',
405 silly install resolved        xo: '^0.12.1' },
405 silly install resolved     gitHead: '0013b6fd8529ac366facb1b56a5189c7f5cf9ba9',
405 silly install resolved     bugs: { url: 'https://github.com/chartjs/chartjs-color/issues' },
405 silly install resolved     homepage: 'https://github.com/chartjs/chartjs-color#readme',
405 silly install resolved     _id: 'chartjs-color@2.0.0',
405 silly install resolved     _shasum: '7f60c7256589b24914814ece757659117381e35b',
405 silly install resolved     _from: 'chartjs-color@>=2.0.0 <3.0.0',
405 silly install resolved     _npmVersion: '3.6.0',
405 silly install resolved     _nodeVersion: '5.6.0',
405 silly install resolved     _npmUser: { name: 'etimberg', email: 'evert.timberg+npm@gmail.com' },
405 silly install resolved     dist:
405 silly install resolved      { shasum: '7f60c7256589b24914814ece757659117381e35b',
405 silly install resolved        tarball: 'https://registry.npmjs.org/chartjs-color/-/chartjs-color-2.0.0.tgz' },
405 silly install resolved     maintainers: [ [Object] ],
405 silly install resolved     _npmOperationalInternal:
405 silly install resolved      { host: 'packages-12-west.internal.npmjs.com',
405 silly install resolved        tmp: 'tmp/chartjs-color-2.0.0.tgz_1463229276629_0.5099742498714477' },
405 silly install resolved     directories: {},
405 silly install resolved     _resolved: 'https://registry.npmjs.org/chartjs-color/-/chartjs-color-2.0.0.tgz' } ]
406 info install chartjs-color@2.0.0 into /Users/Fifaz/lgpr-drag-shop/node_modules/chart.js
407 info installOne chartjs-color@2.0.0
408 verbose installOne of chartjs-color to /Users/Fifaz/lgpr-drag-shop/node_modules/chart.js not in flight; installing
409 verbose correctMkdir /Users/Fifaz/.npm/_locks correctMkdir not in flight; initializing
410 verbose lock using /Users/Fifaz/.npm/_locks/chartjs-color-a208de9a9f3f7101.lock for /Users/Fifaz/lgpr-drag-shop/node_modules/chart.js/node_modules/chartjs-color
411 silly install write writing chartjs-color 2.0.0 to /Users/Fifaz/lgpr-drag-shop/node_modules/chart.js/node_modules/chartjs-color
412 verbose unbuild node_modules/chart.js/node_modules/chartjs-color
413 silly gentlyRm /Users/Fifaz/lgpr-drag-shop/node_modules/chart.js/node_modules/chartjs-color is being purged from base /Users/Fifaz/lgpr-drag-shop
414 verbose gentlyRm don't care about contents; nuking /Users/Fifaz/lgpr-drag-shop/node_modules/chart.js/node_modules/chartjs-color
415 verbose tar unpack /Users/Fifaz/.npm/chartjs-color/2.0.0/package.tgz
416 verbose tar unpacking to /Users/Fifaz/lgpr-drag-shop/node_modules/chart.js/node_modules/chartjs-color
417 silly gentlyRm /Users/Fifaz/lgpr-drag-shop/node_modules/chart.js/node_modules/chartjs-color is being purged
418 verbose gentlyRm don't care about contents; nuking /Users/Fifaz/lgpr-drag-shop/node_modules/chart.js/node_modules/chartjs-color
419 silly gunzTarPerm modes [ '755', '644' ]
420 silly gunzTarPerm extractEntry package.json
421 silly gunzTarPerm modified mode [ 'package.json', 438, 420 ]
422 silly gunzTarPerm extractEntry README.md
423 silly gunzTarPerm modified mode [ 'README.md', 438, 420 ]
424 silly gunzTarPerm extractEntry LICENSE
425 silly gunzTarPerm modified mode [ 'LICENSE', 438, 420 ]
426 silly gunzTarPerm extractEntry index.js
427 silly gunzTarPerm modified mode [ 'index.js', 438, 420 ]
428 silly gunzTarPerm extractEntry CHANGELOG.md
429 silly gunzTarPerm modified mode [ 'CHANGELOG.md', 438, 420 ]
430 verbose write writing to /Users/Fifaz/lgpr-drag-shop/node_modules/chart.js/node_modules/chartjs-color/package.json
431 info preinstall chartjs-color@2.0.0
432 verbose readDependencies loading dependencies from /Users/Fifaz/lgpr-drag-shop/node_modules/chart.js/node_modules/chartjs-color/package.json
433 silly prepareForInstallMany adding color-convert@^0.5.3 from chartjs-color dependencies
434 silly prepareForInstallMany adding chartjs-color-string@^0.4.0 from chartjs-color dependencies
435 verbose readDependencies loading dependencies from /Users/Fifaz/lgpr-drag-shop/node_modules/chart.js/node_modules/chartjs-color/package.json
436 silly cache add args [ 'color-convert@^0.5.3', null ]
437 verbose cache add spec color-convert@^0.5.3
438 silly cache add args [ 'chartjs-color-string@^0.4.0', null ]
439 verbose cache add spec chartjs-color-string@^0.4.0
440 silly cache add parsed spec Result {
440 silly cache add   raw: 'color-convert@^0.5.3',
440 silly cache add   scope: null,
440 silly cache add   name: 'color-convert',
440 silly cache add   rawSpec: '^0.5.3',
440 silly cache add   spec: '>=0.5.3 <0.6.0',
440 silly cache add   type: 'range' }
441 silly addNamed color-convert@>=0.5.3 <0.6.0
442 verbose addNamed ">=0.5.3 <0.6.0" is a valid semver range for color-convert
443 silly addNameRange { name: 'color-convert',
443 silly addNameRange   range: '>=0.5.3 <0.6.0',
443 silly addNameRange   hasData: false }
444 silly mapToRegistry name color-convert
445 silly mapToRegistry using default registry
446 silly mapToRegistry registry https://registry.npmjs.org/
447 silly mapToRegistry data Result {
447 silly mapToRegistry   raw: 'color-convert',
447 silly mapToRegistry   scope: null,
447 silly mapToRegistry   name: 'color-convert',
447 silly mapToRegistry   rawSpec: '',
447 silly mapToRegistry   spec: 'latest',
447 silly mapToRegistry   type: 'tag' }
448 silly mapToRegistry uri https://registry.npmjs.org/color-convert
449 verbose addNameRange registry:https://registry.npmjs.org/color-convert not in flight; fetching
450 silly cache add parsed spec Result {
450 silly cache add   raw: 'chartjs-color-string@^0.4.0',
450 silly cache add   scope: null,
450 silly cache add   name: 'chartjs-color-string',
450 silly cache add   rawSpec: '^0.4.0',
450 silly cache add   spec: '>=0.4.0 <0.5.0',
450 silly cache add   type: 'range' }
451 silly addNamed chartjs-color-string@>=0.4.0 <0.5.0
452 verbose addNamed ">=0.4.0 <0.5.0" is a valid semver range for chartjs-color-string
453 silly addNameRange { name: 'chartjs-color-string',
453 silly addNameRange   range: '>=0.4.0 <0.5.0',
453 silly addNameRange   hasData: false }
454 silly mapToRegistry name chartjs-color-string
455 silly mapToRegistry using default registry
456 silly mapToRegistry registry https://registry.npmjs.org/
457 silly mapToRegistry data Result {
457 silly mapToRegistry   raw: 'chartjs-color-string',
457 silly mapToRegistry   scope: null,
457 silly mapToRegistry   name: 'chartjs-color-string',
457 silly mapToRegistry   rawSpec: '',
457 silly mapToRegistry   spec: 'latest',
457 silly mapToRegistry   type: 'tag' }
458 silly mapToRegistry uri https://registry.npmjs.org/chartjs-color-string
459 verbose addNameRange registry:https://registry.npmjs.org/chartjs-color-string not in flight; fetching
460 verbose request uri https://registry.npmjs.org/chartjs-color-string
461 verbose request no auth needed
462 info attempt registry request try #1 at 10:58:13
463 verbose etag "4Z2R1EDX411FVZW0QDF3M3ZZU"
464 http request GET https://registry.npmjs.org/chartjs-color-string
465 verbose request uri https://registry.npmjs.org/color-convert
466 verbose request no auth needed
467 info attempt registry request try #1 at 10:58:13
468 verbose etag "93P4AUJLHETWWM2OHSIR6BDFK"
469 http request GET https://registry.npmjs.org/color-convert
470 http 304 https://registry.npmjs.org/color-convert
471 verbose headers { date: 'Fri, 17 Jun 2016 09:58:13 GMT',
471 verbose headers   via: '1.1 varnish',
471 verbose headers   'cache-control': 'max-age=300',
471 verbose headers   etag: '"93P4AUJLHETWWM2OHSIR6BDFK"',
471 verbose headers   age: '277',
471 verbose headers   connection: 'keep-alive',
471 verbose headers   'x-served-by': 'cache-fra1236-FRA',
471 verbose headers   'x-cache': 'HIT',
471 verbose headers   'x-cache-hits': '5',
471 verbose headers   'x-timer': 'S1466157493.786808,VS0,VE0',
471 verbose headers   vary: 'Accept-Encoding' }
472 silly get cb [ 304,
472 silly get   { date: 'Fri, 17 Jun 2016 09:58:13 GMT',
472 silly get     via: '1.1 varnish',
472 silly get     'cache-control': 'max-age=300',
472 silly get     etag: '"93P4AUJLHETWWM2OHSIR6BDFK"',
472 silly get     age: '277',
472 silly get     connection: 'keep-alive',
472 silly get     'x-served-by': 'cache-fra1236-FRA',
472 silly get     'x-cache': 'HIT',
472 silly get     'x-cache-hits': '5',
472 silly get     'x-timer': 'S1466157493.786808,VS0,VE0',
472 silly get     vary: 'Accept-Encoding' } ]
473 verbose etag https://registry.npmjs.org/color-convert from cache
474 verbose get saving color-convert to /Users/Fifaz/.npm/registry.npmjs.org/color-convert/.cache.json
475 verbose correctMkdir /Users/Fifaz/.npm correctMkdir not in flight; initializing
476 silly addNameRange number 2 { name: 'color-convert', range: '>=0.5.3 <0.6.0', hasData: true }
477 silly addNameRange versions [ 'color-convert',
477 silly addNameRange   [ '0.1.0',
477 silly addNameRange     '0.2.0',
477 silly addNameRange     '0.2.1',
477 silly addNameRange     '0.3.0',
477 silly addNameRange     '0.3.1',
477 silly addNameRange     '0.3.4',
477 silly addNameRange     '0.4.0',
477 silly addNameRange     '0.5.0',
477 silly addNameRange     '0.5.1',
477 silly addNameRange     '0.5.2',
477 silly addNameRange     '0.5.3',
477 silly addNameRange     '0.6.0',
477 silly addNameRange     '0.7.0',
477 silly addNameRange     '1.0.0',
477 silly addNameRange     '1.1.0',
477 silly addNameRange     '1.1.1',
477 silly addNameRange     '1.1.2',
477 silly addNameRange     '1.2.0',
477 silly addNameRange     '1.2.1',
477 silly addNameRange     '1.2.2',
477 silly addNameRange     '1.3.0',
477 silly addNameRange     '1.3.1' ] ]
478 silly addNamed color-convert@0.5.3
479 verbose addNamed "0.5.3" is a plain semver version for color-convert
480 silly cache afterAdd color-convert@0.5.3
481 verbose afterAdd /Users/Fifaz/.npm/color-convert/0.5.3/package/package.json not in flight; writing
482 verbose correctMkdir /Users/Fifaz/.npm correctMkdir not in flight; initializing
483 verbose afterAdd /Users/Fifaz/.npm/color-convert/0.5.3/package/package.json written
484 http 304 https://registry.npmjs.org/chartjs-color-string
485 verbose headers { date: 'Fri, 17 Jun 2016 09:58:13 GMT',
485 verbose headers   via: '1.1 varnish',
485 verbose headers   'cache-control': 'max-age=300',
485 verbose headers   etag: '"4Z2R1EDX411FVZW0QDF3M3ZZU"',
485 verbose headers   age: '0',
485 verbose headers   connection: 'keep-alive',
485 verbose headers   'x-served-by': 'cache-fra1224-FRA',
485 verbose headers   'x-cache': 'HIT',
485 verbose headers   'x-cache-hits': '1',
485 verbose headers   'x-timer': 'S1466157493.678377,VS0,VE188',
485 verbose headers   vary: 'Accept-Encoding' }
486 silly get cb [ 304,
486 silly get   { date: 'Fri, 17 Jun 2016 09:58:13 GMT',
486 silly get     via: '1.1 varnish',
486 silly get     'cache-control': 'max-age=300',
486 silly get     etag: '"4Z2R1EDX411FVZW0QDF3M3ZZU"',
486 silly get     age: '0',
486 silly get     connection: 'keep-alive',
486 silly get     'x-served-by': 'cache-fra1224-FRA',
486 silly get     'x-cache': 'HIT',
486 silly get     'x-cache-hits': '1',
486 silly get     'x-timer': 'S1466157493.678377,VS0,VE188',
486 silly get     vary: 'Accept-Encoding' } ]
487 verbose etag https://registry.npmjs.org/chartjs-color-string from cache
488 verbose get saving chartjs-color-string to /Users/Fifaz/.npm/registry.npmjs.org/chartjs-color-string/.cache.json
489 verbose correctMkdir /Users/Fifaz/.npm correctMkdir not in flight; initializing
490 silly addNameRange number 2 { name: 'chartjs-color-string',
490 silly addNameRange   range: '>=0.4.0 <0.5.0',
490 silly addNameRange   hasData: true }
491 silly addNameRange versions [ 'chartjs-color-string', [ '0.4.0' ] ]
492 silly addNamed chartjs-color-string@0.4.0
493 verbose addNamed "0.4.0" is a plain semver version for chartjs-color-string
494 silly cache afterAdd chartjs-color-string@0.4.0
495 verbose afterAdd /Users/Fifaz/.npm/chartjs-color-string/0.4.0/package/package.json not in flight; writing
496 verbose correctMkdir /Users/Fifaz/.npm correctMkdir not in flight; initializing
497 verbose afterAdd /Users/Fifaz/.npm/chartjs-color-string/0.4.0/package/package.json written
498 silly install resolved [ { name: 'color-convert',
498 silly install resolved     description: 'Plain color conversion functions',
498 silly install resolved     version: '0.5.3',
498 silly install resolved     author: { name: 'Heather Arthur', email: 'fayearthur@gmail.com' },
498 silly install resolved     repository:
498 silly install resolved      { type: 'git',
498 silly install resolved        url: 'git+ssh://git@github.com/harthur/color-convert.git' },
498 silly install resolved     devDependencies: {},
498 silly install resolved     scripts: { test: 'node test/basic.js' },
498 silly install resolved     keywords: [ 'color', 'colour', 'rgb' ],
498 silly install resolved     gitHead: 'c05e34eb75de749faf15f0e362147a6add373625',
498 silly install resolved     bugs: { url: 'https://github.com/harthur/color-convert/issues' },
498 silly install resolved     homepage: 'https://github.com/harthur/color-convert#readme',
498 silly install resolved     _id: 'color-convert@0.5.3',
498 silly install resolved     _shasum: 'bdb6c69ce660fadffe0b0007cc447e1b9f7282bd',
498 silly install resolved     _from: 'color-convert@>=0.5.3 <0.6.0',
498 silly install resolved     _npmVersion: '2.9.0',
498 silly install resolved     _nodeVersion: '2.0.1',
498 silly install resolved     _npmUser: { name: 'moox', email: 'm@moox.io' },
498 silly install resolved     maintainers: [ [Object], [Object] ],
498 silly install resolved     dist:
498 silly install resolved      { shasum: 'bdb6c69ce660fadffe0b0007cc447e1b9f7282bd',
498 silly install resolved        tarball: 'https://registry.npmjs.org/color-convert/-/color-convert-0.5.3.tgz' },
498 silly install resolved     directories: {},
498 silly install resolved     _resolved: 'https://registry.npmjs.org/color-convert/-/color-convert-0.5.3.tgz',
498 silly install resolved     readme: 'ERROR: No README data found!' },
498 silly install resolved   { name: 'chartjs-color-string',
498 silly install resolved     description: 'Parser and generator for CSS color strings',
498 silly install resolved     version: '0.4.0',
498 silly install resolved     author: { name: 'Heather Arthur', email: 'fayearthur@gmail.com' },
498 silly install resolved     contributors: [ [Object], [Object] ],
498 silly install resolved     repository:
498 silly install resolved      { type: 'git',
498 silly install resolved        url: 'git+ssh://git@github.com/harthur/color-string.git' },
498 silly install resolved     scripts: { test: 'node test/basic.js' },
498 silly install resolved     license: 'MIT',
498 silly install resolved     main: './color-string',
498 silly install resolved     dependencies: { 'color-name': '^1.0.0' },
498 silly install resolved     devDependencies: {},
498 silly install resolved     keywords: [ 'color', 'colour', 'rgb', 'css' ],
498 silly install resolved     gitHead: '6cde16dc58671722201e671d5deecb950f94cb63',
498 silly install resolved     bugs: { url: 'https://github.com/harthur/color-string/issues' },
498 silly install resolved     homepage: 'https://github.com/harthur/color-string#readme',
498 silly install resolved     _id: 'chartjs-color-string@0.4.0',
498 silly install resolved     _shasum: '57748d4530ae28d8db0a5492182ba06dfdf2f468',
498 silly install resolved     _from: 'chartjs-color-string@>=0.4.0 <0.5.0',
498 silly install resolved     _npmVersion: '3.6.0',
498 silly install resolved     _nodeVersion: '5.6.0',
498 silly install resolved     _npmUser: { name: 'etimberg', email: 'evert.timberg+npm@gmail.com' },
498 silly install resolved     dist:
498 silly install resolved      { shasum: '57748d4530ae28d8db0a5492182ba06dfdf2f468',
498 silly install resolved        tarball: 'https://registry.npmjs.org/chartjs-color-string/-/chartjs-color-string-0.4.0.tgz' },
498 silly install resolved     maintainers: [ [Object] ],
498 silly install resolved     _npmOperationalInternal:
498 silly install resolved      { host: 'packages-16-east.internal.npmjs.com',
498 silly install resolved        tmp: 'tmp/chartjs-color-string-0.4.0.tgz_1461969577496_0.03336976608261466' },
498 silly install resolved     directories: {},
498 silly install resolved     _resolved: 'https://registry.npmjs.org/chartjs-color-string/-/chartjs-color-string-0.4.0.tgz',
498 silly install resolved     readme: 'ERROR: No README data found!' } ]
499 info install color-convert@0.5.3 into /Users/Fifaz/lgpr-drag-shop/node_modules/chart.js/node_modules/chartjs-color
500 info install chartjs-color-string@0.4.0 into /Users/Fifaz/lgpr-drag-shop/node_modules/chart.js/node_modules/chartjs-color
501 info installOne color-convert@0.5.3
502 verbose installOne of color-convert to /Users/Fifaz/lgpr-drag-shop/node_modules/chart.js/node_modules/chartjs-color not in flight; installing
503 verbose correctMkdir /Users/Fifaz/.npm/_locks correctMkdir not in flight; initializing
504 info installOne chartjs-color-string@0.4.0
505 verbose installOne of chartjs-color-string to /Users/Fifaz/lgpr-drag-shop/node_modules/chart.js/node_modules/chartjs-color not in flight; installing
506 verbose correctMkdir /Users/Fifaz/.npm/_locks correctMkdir not in flight; initializing
507 verbose lock using /Users/Fifaz/.npm/_locks/color-convert-9e5e606ca0c40647.lock for /Users/Fifaz/lgpr-drag-shop/node_modules/chart.js/node_modules/chartjs-color/node_modules/color-convert
508 silly install write writing color-convert 0.5.3 to /Users/Fifaz/lgpr-drag-shop/node_modules/chart.js/node_modules/chartjs-color/node_modules/color-convert
509 verbose lock using /Users/Fifaz/.npm/_locks/chartjs-color-string-563460b91dcaf1e6.lock for /Users/Fifaz/lgpr-drag-shop/node_modules/chart.js/node_modules/chartjs-color/node_modules/chartjs-color-string
510 silly install write writing chartjs-color-string 0.4.0 to /Users/Fifaz/lgpr-drag-shop/node_modules/chart.js/node_modules/chartjs-color/node_modules/chartjs-color-string
511 verbose unbuild node_modules/chart.js/node_modules/chartjs-color/node_modules/color-convert
512 verbose unbuild node_modules/chart.js/node_modules/chartjs-color/node_modules/chartjs-color-string
513 silly gentlyRm /Users/Fifaz/lgpr-drag-shop/node_modules/chart.js/node_modules/chartjs-color/node_modules/color-convert is being purged from base /Users/Fifaz/lgpr-drag-shop
514 verbose gentlyRm don't care about contents; nuking /Users/Fifaz/lgpr-drag-shop/node_modules/chart.js/node_modules/chartjs-color/node_modules/color-convert
515 verbose tar unpack /Users/Fifaz/.npm/color-convert/0.5.3/package.tgz
516 verbose tar unpacking to /Users/Fifaz/lgpr-drag-shop/node_modules/chart.js/node_modules/chartjs-color/node_modules/color-convert
517 silly gentlyRm /Users/Fifaz/lgpr-drag-shop/node_modules/chart.js/node_modules/chartjs-color/node_modules/color-convert is being purged
518 verbose gentlyRm don't care about contents; nuking /Users/Fifaz/lgpr-drag-shop/node_modules/chart.js/node_modules/chartjs-color/node_modules/color-convert
519 silly gentlyRm /Users/Fifaz/lgpr-drag-shop/node_modules/chart.js/node_modules/chartjs-color/node_modules/chartjs-color-string is being purged from base /Users/Fifaz/lgpr-drag-shop
520 verbose gentlyRm don't care about contents; nuking /Users/Fifaz/lgpr-drag-shop/node_modules/chart.js/node_modules/chartjs-color/node_modules/chartjs-color-string
521 silly gunzTarPerm modes [ '755', '644' ]
522 verbose tar unpack /Users/Fifaz/.npm/chartjs-color-string/0.4.0/package.tgz
523 verbose tar unpacking to /Users/Fifaz/lgpr-drag-shop/node_modules/chart.js/node_modules/chartjs-color/node_modules/chartjs-color-string
524 silly gentlyRm /Users/Fifaz/lgpr-drag-shop/node_modules/chart.js/node_modules/chartjs-color/node_modules/chartjs-color-string is being purged
525 verbose gentlyRm don't care about contents; nuking /Users/Fifaz/lgpr-drag-shop/node_modules/chart.js/node_modules/chartjs-color/node_modules/chartjs-color-string
526 silly gunzTarPerm modes [ '755', '644' ]
527 silly gunzTarPerm extractEntry package.json
528 silly gunzTarPerm extractEntry package.json
529 silly gunzTarPerm modified mode [ 'package.json', 438, 420 ]
530 silly gunzTarPerm extractEntry README.md
531 silly gunzTarPerm extractEntry LICENSE
532 silly gunzTarPerm extractEntry README.md
533 silly gunzTarPerm modified mode [ 'README.md', 438, 420 ]
534 silly gunzTarPerm extractEntry LICENSE
535 silly gunzTarPerm modified mode [ 'LICENSE', 438, 420 ]
536 silly gunzTarPerm extractEntry conversions.js
537 silly gunzTarPerm extractEntry index.js
538 silly gunzTarPerm extractEntry .travis.yml
539 silly gunzTarPerm extractEntry CHANGELOG.md
540 silly gunzTarPerm extractEntry component.json
541 silly gunzTarPerm extractEntry test/basic.js
542 silly gunzTarPerm extractEntry test/speed.js
543 silly gunzTarPerm extractEntry color-string.js
544 silly gunzTarPerm modified mode [ 'color-string.js', 438, 420 ]
545 silly gunzTarPerm extractEntry .travis.yml
546 silly gunzTarPerm modified mode [ '.travis.yml', 438, 420 ]
547 silly gunzTarPerm extractEntry CHANGELOG.md
548 silly gunzTarPerm modified mode [ 'CHANGELOG.md', 438, 420 ]
549 silly gunzTarPerm extractEntry test/basic.js
550 silly gunzTarPerm modified mode [ 'test/basic.js', 438, 420 ]
551 verbose write writing to /Users/Fifaz/lgpr-drag-shop/node_modules/chart.js/node_modules/chartjs-color/node_modules/chartjs-color-string/package.json
552 info preinstall chartjs-color-string@0.4.0
553 verbose readDependencies loading dependencies from /Users/Fifaz/lgpr-drag-shop/node_modules/chart.js/node_modules/chartjs-color/node_modules/chartjs-color-string/package.json
554 silly prepareForInstallMany adding color-name@^1.0.0 from chartjs-color-string dependencies
555 verbose readDependencies loading dependencies from /Users/Fifaz/lgpr-drag-shop/node_modules/chart.js/node_modules/chartjs-color/node_modules/chartjs-color-string/package.json
556 silly cache add args [ 'color-name@^1.0.0', null ]
557 verbose cache add spec color-name@^1.0.0
558 silly cache add parsed spec Result {
558 silly cache add   raw: 'color-name@^1.0.0',
558 silly cache add   scope: null,
558 silly cache add   name: 'color-name',
558 silly cache add   rawSpec: '^1.0.0',
558 silly cache add   spec: '>=1.0.0 <2.0.0',
558 silly cache add   type: 'range' }
559 silly addNamed color-name@>=1.0.0 <2.0.0
560 verbose addNamed ">=1.0.0 <2.0.0" is a valid semver range for color-name
561 silly addNameRange { name: 'color-name', range: '>=1.0.0 <2.0.0', hasData: false }
562 silly mapToRegistry name color-name
563 silly mapToRegistry using default registry
564 silly mapToRegistry registry https://registry.npmjs.org/
565 silly mapToRegistry data Result {
565 silly mapToRegistry   raw: 'color-name',
565 silly mapToRegistry   scope: null,
565 silly mapToRegistry   name: 'color-name',
565 silly mapToRegistry   rawSpec: '',
565 silly mapToRegistry   spec: 'latest',
565 silly mapToRegistry   type: 'tag' }
566 silly mapToRegistry uri https://registry.npmjs.org/color-name
567 verbose addNameRange registry:https://registry.npmjs.org/color-name not in flight; fetching
568 verbose write writing to /Users/Fifaz/lgpr-drag-shop/node_modules/chart.js/node_modules/chartjs-color/node_modules/color-convert/package.json
569 verbose request uri https://registry.npmjs.org/color-name
570 verbose request no auth needed
571 info attempt registry request try #1 at 10:58:13
572 verbose etag "9XAYPUAP978784IWZSSO4BOH6"
573 http request GET https://registry.npmjs.org/color-name
574 info preinstall color-convert@0.5.3
575 verbose readDependencies loading dependencies from /Users/Fifaz/lgpr-drag-shop/node_modules/chart.js/node_modules/chartjs-color/node_modules/color-convert/package.json
576 verbose readDependencies loading dependencies from /Users/Fifaz/lgpr-drag-shop/node_modules/chart.js/node_modules/chartjs-color/node_modules/color-convert/package.json
577 silly install resolved []
578 verbose about to build /Users/Fifaz/lgpr-drag-shop/node_modules/chart.js/node_modules/chartjs-color/node_modules/color-convert
579 info build /Users/Fifaz/lgpr-drag-shop/node_modules/chart.js/node_modules/chartjs-color/node_modules/color-convert
580 info linkStuff color-convert@0.5.3
581 silly linkStuff color-convert@0.5.3 has /Users/Fifaz/lgpr-drag-shop/node_modules/chart.js/node_modules/chartjs-color/node_modules as its parent node_modules
582 verbose linkBins color-convert@0.5.3
583 verbose linkMans color-convert@0.5.3
584 verbose rebuildBundles color-convert@0.5.3
585 info install color-convert@0.5.3
586 info postinstall color-convert@0.5.3
587 verbose unlock done using /Users/Fifaz/.npm/_locks/color-convert-9e5e606ca0c40647.lock for /Users/Fifaz/lgpr-drag-shop/node_modules/chart.js/node_modules/chartjs-color/node_modules/color-convert
588 http 304 https://registry.npmjs.org/color-name
589 verbose headers { date: 'Fri, 17 Jun 2016 09:58:13 GMT',
589 verbose headers   via: '1.1 varnish',
589 verbose headers   'cache-control': 'max-age=300',
589 verbose headers   etag: '"9XAYPUAP978784IWZSSO4BOH6"',
589 verbose headers   age: '14',
589 verbose headers   connection: 'keep-alive',
589 verbose headers   'x-served-by': 'cache-fra1236-FRA',
589 verbose headers   'x-cache': 'HIT',
589 verbose headers   'x-cache-hits': '2',
589 verbose headers   'x-timer': 'S1466157493.949996,VS0,VE0',
589 verbose headers   vary: 'Accept-Encoding' }
590 silly get cb [ 304,
590 silly get   { date: 'Fri, 17 Jun 2016 09:58:13 GMT',
590 silly get     via: '1.1 varnish',
590 silly get     'cache-control': 'max-age=300',
590 silly get     etag: '"9XAYPUAP978784IWZSSO4BOH6"',
590 silly get     age: '14',
590 silly get     connection: 'keep-alive',
590 silly get     'x-served-by': 'cache-fra1236-FRA',
590 silly get     'x-cache': 'HIT',
590 silly get     'x-cache-hits': '2',
590 silly get     'x-timer': 'S1466157493.949996,VS0,VE0',
590 silly get     vary: 'Accept-Encoding' } ]
591 verbose etag https://registry.npmjs.org/color-name from cache
592 verbose get saving color-name to /Users/Fifaz/.npm/registry.npmjs.org/color-name/.cache.json
593 verbose correctMkdir /Users/Fifaz/.npm correctMkdir not in flight; initializing
594 silly addNameRange number 2 { name: 'color-name', range: '>=1.0.0 <2.0.0', hasData: true }
595 silly addNameRange versions [ 'color-name',
595 silly addNameRange   [ '0.0.1', '0.0.2', '1.0.0', '1.0.1', '1.1.0', '1.1.1' ] ]
596 silly addNamed color-name@1.1.1
597 verbose addNamed "1.1.1" is a plain semver version for color-name
598 silly cache afterAdd color-name@1.1.1
599 verbose afterAdd /Users/Fifaz/.npm/color-name/1.1.1/package/package.json not in flight; writing
600 verbose correctMkdir /Users/Fifaz/.npm correctMkdir not in flight; initializing
601 verbose afterAdd /Users/Fifaz/.npm/color-name/1.1.1/package/package.json written
602 silly install resolved [ { name: 'color-name',
602 silly install resolved     version: '1.1.1',
602 silly install resolved     description: 'A list of color names and its values',
602 silly install resolved     main: 'index.js',
602 silly install resolved     scripts: { test: 'node test.js' },
602 silly install resolved     files: [ 'index.js' ],
602 silly install resolved     repository:
602 silly install resolved      { type: 'git',
602 silly install resolved        url: 'git+ssh://git@github.com/dfcreative/color-name.git' },
602 silly install resolved     keywords: [ 'color-name', 'color', 'color-keyword', 'keyword' ],
602 silly install resolved     author: { name: 'DY', email: 'dfcreative@gmail.com' },
602 silly install resolved     license: 'MIT',
602 silly install resolved     bugs: { url: 'https://github.com/dfcreative/color-name/issues' },
602 silly install resolved     homepage: 'https://github.com/dfcreative/color-name',
602 silly install resolved     gitHead: 'b47de1bf75da523d6d6061a41f7f0c9bb7c213bf',
602 silly install resolved     _id: 'color-name@1.1.1',
602 silly install resolved     _shasum: '4b1415304cf50028ea81643643bd82ea05803689',
602 silly install resolved     _from: 'color-name@>=1.0.0 <2.0.0',
602 silly install resolved     _npmVersion: '3.3.12',
602 silly install resolved     _nodeVersion: '5.3.0',
602 silly install resolved     _npmUser: { name: 'dfcreative', email: 'df.creative@gmail.com' },
602 silly install resolved     maintainers: [ [Object] ],
602 silly install resolved     dist:
602 silly install resolved      { shasum: '4b1415304cf50028ea81643643bd82ea05803689',
602 silly install resolved        tarball: 'https://registry.npmjs.org/color-name/-/color-name-1.1.1.tgz' },
602 silly install resolved     directories: {},
602 silly install resolved     _resolved: 'https://registry.npmjs.org/color-name/-/color-name-1.1.1.tgz',
602 silly install resolved     readme: 'ERROR: No README data found!' } ]
603 info install color-name@1.1.1 into /Users/Fifaz/lgpr-drag-shop/node_modules/chart.js/node_modules/chartjs-color/node_modules/chartjs-color-string
604 info installOne color-name@1.1.1
605 verbose installOne of color-name to /Users/Fifaz/lgpr-drag-shop/node_modules/chart.js/node_modules/chartjs-color/node_modules/chartjs-color-string not in flight; installing
606 verbose correctMkdir /Users/Fifaz/.npm/_locks correctMkdir not in flight; initializing
607 verbose lock using /Users/Fifaz/.npm/_locks/color-name-d37a4aa9fa51eaa2.lock for /Users/Fifaz/lgpr-drag-shop/node_modules/chart.js/node_modules/chartjs-color/node_modules/chartjs-color-string/node_modules/color-name
608 silly install write writing color-name 1.1.1 to /Users/Fifaz/lgpr-drag-shop/node_modules/chart.js/node_modules/chartjs-color/node_modules/chartjs-color-string/node_modules/color-name
609 verbose unbuild node_modules/chart.js/node_modules/chartjs-color/node_modules/chartjs-color-string/node_modules/color-name
610 silly gentlyRm /Users/Fifaz/lgpr-drag-shop/node_modules/chart.js/node_modules/chartjs-color/node_modules/chartjs-color-string/node_modules/color-name is being purged from base /Users/Fifaz/lgpr-drag-shop
611 verbose gentlyRm don't care about contents; nuking /Users/Fifaz/lgpr-drag-shop/node_modules/chart.js/node_modules/chartjs-color/node_modules/chartjs-color-string/node_modules/color-name
612 verbose tar unpack /Users/Fifaz/.npm/color-name/1.1.1/package.tgz
613 verbose tar unpacking to /Users/Fifaz/lgpr-drag-shop/node_modules/chart.js/node_modules/chartjs-color/node_modules/chartjs-color-string/node_modules/color-name
614 silly gentlyRm /Users/Fifaz/lgpr-drag-shop/node_modules/chart.js/node_modules/chartjs-color/node_modules/chartjs-color-string/node_modules/color-name is being purged
615 verbose gentlyRm don't care about contents; nuking /Users/Fifaz/lgpr-drag-shop/node_modules/chart.js/node_modules/chartjs-color/node_modules/chartjs-color-string/node_modules/color-name
616 silly gunzTarPerm modes [ '755', '644' ]
617 silly gunzTarPerm extractEntry package.json
618 silly gunzTarPerm modified mode [ 'package.json', 438, 420 ]
619 silly gunzTarPerm extractEntry README.md
620 silly gunzTarPerm modified mode [ 'README.md', 438, 420 ]
621 silly gunzTarPerm extractEntry LICENSE
622 silly gunzTarPerm modified mode [ 'LICENSE', 438, 420 ]
623 silly gunzTarPerm extractEntry index.js
624 silly gunzTarPerm modified mode [ 'index.js', 438, 420 ]
625 verbose write writing to /Users/Fifaz/lgpr-drag-shop/node_modules/chart.js/node_modules/chartjs-color/node_modules/chartjs-color-string/node_modules/color-name/package.json
626 info preinstall color-name@1.1.1
627 verbose readDependencies loading dependencies from /Users/Fifaz/lgpr-drag-shop/node_modules/chart.js/node_modules/chartjs-color/node_modules/chartjs-color-string/node_modules/color-name/package.json
628 verbose readDependencies loading dependencies from /Users/Fifaz/lgpr-drag-shop/node_modules/chart.js/node_modules/chartjs-color/node_modules/chartjs-color-string/node_modules/color-name/package.json
629 silly install resolved []
630 verbose about to build /Users/Fifaz/lgpr-drag-shop/node_modules/chart.js/node_modules/chartjs-color/node_modules/chartjs-color-string/node_modules/color-name
631 info build /Users/Fifaz/lgpr-drag-shop/node_modules/chart.js/node_modules/chartjs-color/node_modules/chartjs-color-string/node_modules/color-name
632 info linkStuff color-name@1.1.1
633 silly linkStuff color-name@1.1.1 has /Users/Fifaz/lgpr-drag-shop/node_modules/chart.js/node_modules/chartjs-color/node_modules/chartjs-color-string/node_modules as its parent node_modules
634 verbose linkBins color-name@1.1.1
635 verbose linkMans color-name@1.1.1
636 verbose rebuildBundles color-name@1.1.1
637 info install color-name@1.1.1
638 info postinstall color-name@1.1.1
639 verbose unlock done using /Users/Fifaz/.npm/_locks/color-name-d37a4aa9fa51eaa2.lock for /Users/Fifaz/lgpr-drag-shop/node_modules/chart.js/node_modules/chartjs-color/node_modules/chartjs-color-string/node_modules/color-name
640 verbose about to build /Users/Fifaz/lgpr-drag-shop/node_modules/chart.js/node_modules/chartjs-color/node_modules/chartjs-color-string
641 info build /Users/Fifaz/lgpr-drag-shop/node_modules/chart.js/node_modules/chartjs-color/node_modules/chartjs-color-string
642 info linkStuff chartjs-color-string@0.4.0
643 silly linkStuff chartjs-color-string@0.4.0 has /Users/Fifaz/lgpr-drag-shop/node_modules/chart.js/node_modules/chartjs-color/node_modules as its parent node_modules
644 verbose linkBins chartjs-color-string@0.4.0
645 verbose linkMans chartjs-color-string@0.4.0
646 verbose rebuildBundles chartjs-color-string@0.4.0
647 verbose rebuildBundles [ 'color-name' ]
648 info install chartjs-color-string@0.4.0
649 info postinstall chartjs-color-string@0.4.0
650 verbose unlock done using /Users/Fifaz/.npm/_locks/chartjs-color-string-563460b91dcaf1e6.lock for /Users/Fifaz/lgpr-drag-shop/node_modules/chart.js/node_modules/chartjs-color/node_modules/chartjs-color-string
651 verbose about to build /Users/Fifaz/lgpr-drag-shop/node_modules/chart.js/node_modules/chartjs-color
652 info build /Users/Fifaz/lgpr-drag-shop/node_modules/chart.js/node_modules/chartjs-color
653 info linkStuff chartjs-color@2.0.0
654 silly linkStuff chartjs-color@2.0.0 has /Users/Fifaz/lgpr-drag-shop/node_modules/chart.js/node_modules as its parent node_modules
655 verbose linkBins chartjs-color@2.0.0
656 verbose linkMans chartjs-color@2.0.0
657 verbose rebuildBundles chartjs-color@2.0.0
658 verbose rebuildBundles [ 'chartjs-color-string', 'color-convert' ]
659 info install chartjs-color@2.0.0
660 info postinstall chartjs-color@2.0.0
661 verbose unlock done using /Users/Fifaz/.npm/_locks/chartjs-color-a208de9a9f3f7101.lock for /Users/Fifaz/lgpr-drag-shop/node_modules/chart.js/node_modules/chartjs-color
662 verbose about to build /Users/Fifaz/lgpr-drag-shop/node_modules/chart.js
663 info build /Users/Fifaz/lgpr-drag-shop/node_modules/chart.js
664 info linkStuff chart.js@2.1.6
665 silly linkStuff chart.js@2.1.6 has /Users/Fifaz/lgpr-drag-shop/node_modules as its parent node_modules
666 verbose linkBins chart.js@2.1.6
667 verbose linkMans chart.js@2.1.6
668 verbose rebuildBundles chart.js@2.1.6
669 verbose rebuildBundles [ 'chartjs-color' ]
670 info install chart.js@2.1.6
671 info postinstall chart.js@2.1.6
672 verbose unlock done using /Users/Fifaz/.npm/_locks/chart-js-91524b5f7d4c53db.lock for /Users/Fifaz/lgpr-drag-shop/node_modules/chart.js
673 verbose validateInstall loading /Users/Fifaz/lgpr-drag-shop/package.json for validation
674 verbose stack Error: The package rxjs@5.0.0-beta.2 does not satisfy its siblings' peerDependencies requirements!
674 verbose stack     at /usr/local/lib/node_modules/npm/lib/install.js:125:32
674 verbose stack     at /usr/local/lib/node_modules/npm/lib/install.js:268:7
674 verbose stack     at /usr/local/lib/node_modules/npm/node_modules/read-installed/read-installed.js:142:5
674 verbose stack     at /usr/local/lib/node_modules/npm/node_modules/read-installed/read-installed.js:263:14
674 verbose stack     at cb (/usr/local/lib/node_modules/npm/node_modules/slide/lib/async-map.js:47:24)
674 verbose stack     at /usr/local/lib/node_modules/npm/node_modules/read-installed/read-installed.js:263:14
674 verbose stack     at cb (/usr/local/lib/node_modules/npm/node_modules/slide/lib/async-map.js:47:24)
674 verbose stack     at /usr/local/lib/node_modules/npm/node_modules/read-installed/read-installed.js:263:14
674 verbose stack     at cb (/usr/local/lib/node_modules/npm/node_modules/slide/lib/async-map.js:47:24)
674 verbose stack     at /usr/local/lib/node_modules/npm/node_modules/read-installed/read-installed.js:263:14
675 verbose cwd /Users/Fifaz/lgpr-drag-shop
676 error Darwin 15.4.0
677 error argv "/usr/local/bin/node" "/usr/local/bin/npm" "install" "chart.js" "--save"
678 error node v4.4.3
679 error npm  v2.15.1
680 error code EPEERINVALID
681 error peerinvalid The package rxjs@5.0.0-beta.2 does not satisfy its siblings' peerDependencies requirements!
681 error peerinvalid Peer angular2@2.0.0-beta.15 wants rxjs@5.0.0-beta.2
681 error peerinvalid Peer @angular/core@2.0.0-rc.2 wants rxjs@5.0.0-beta.6
682 verbose exit [ 1, true ]
